Arguments: 
  /Users/luiss/.zillow-bootstrap/files/nvm/versions/node/v10.15.3/bin/node /Users/luiss/.zillow-bootstrap/files/nvm/versions/node/v10.15.3/bin/yarn add -D danger

PATH: 
  /Users/luiss/.zillow-bootstrap/files/nvm/versions/node/v10.15.3/bin:/Users/luiss/.zillow-bootstrap/bin:/Users/luiss/.zillow-bootstrap/files/bin:/Library/Java/JavaVirtualMachines/jdk1.8.0_181.jdk/Contents/Home/bin:/usr/local/bin:/usr/bin:/bin:/usr/sbin:/sbin:/opt/salt/bin:/usr/local/sbin:/Users/luiss/.zillow-bootstrap/bin:/Users/luiss/.zillow-bootstrap/files/bin:/Library/Java/JavaVirtualMachines/jdk1.8.0_181.jdk/Contents/Home/bin:/Applications/Postgres.app/Contents/Versions/11/bin:/Applications/Postgres.app/Contents/Versions/11/bin

Yarn version: 
  1.15.2

Node version: 
  10.15.3

Platform: 
  darwin x64

Trace: 
  Error: https://artifactory.zgtools.net/artifactory/api/npm/zo-npm/danger: ETIMEDOUT
      at Timeout._onTimeout (/Users/luiss/.zillow-bootstrap/files/nvm/versions/node/v10.15.3/lib/node_modules/yarn/lib/cli.js:130201:19)
      at ontimeout (timers.js:436:11)
      at tryOnTimeout (timers.js:300:5)
      at listOnTimeout (timers.js:263:5)
      at Timer.processTimers (timers.js:223:10)

npm manifest: 
  {
    "name": "test-dangerJS",
    "version": "1.0.0",
    "main": "index.js",
    "license": "MIT"
  }

yarn manifest: 
  No manifest

Lockfile: 
  No lockfile
